2025-04-20 19:24:33,571 - google_traffic - INFO - 谷歌搜索流量模拟系统启动
2025-04-20 19:24:36,638 - google_traffic - INFO - 使用关键词: dior discount code
2025-04-20 19:25:41,876 - google_traffic - ERROR - 执行过程中出错: Message: 
Stacktrace:
0   chromedriver                        0x0000000102c8ae10 cxxbridge1$str$ptr + 2817040
1   chromedriver                        0x0000000102c830ac cxxbridge1$str$ptr + 2784940
2   chromedriver                        0x00000001027ca8d8 cxxbridge1$string$len + 93028
3   chromedriver                        0x00000001028116a0 cxxbridge1$string$len + 383276
4   chromedriver                        0x00000001028527b8 cxxbridge1$string$len + 649796
5   chromedriver                        0x0000000102805a80 cxxbridge1$string$len + 335116
6   chromedriver                        0x0000000102c4fc98 cxxbridge1$str$ptr + 2575000
7   chromedriver                        0x0000000102c52f64 cxxbridge1$str$ptr + 2588004
8   chromedriver                        0x0000000102c2fa20 cxxbridge1$str$ptr + 2443296
9   chromedriver                        0x0000000102c537e0 cxxbridge1$str$ptr + 2590176
10  chromedriver                        0x0000000102c20b14 cxxbridge1$str$ptr + 2382100
11  chromedriver                        0x0000000102c739c4 cxxbridge1$str$ptr + 2721732
12  chromedriver                        0x0000000102c73b50 cxxbridge1$str$ptr + 2722128
13  chromedriver                        0x0000000102c82cf8 cxxbridge1$str$ptr + 2783992
14  libsystem_pthread.dylib             0x000000018792b2e4 _pthread_start + 136
15  libsystem_pthread.dylib             0x00000001879260fc thread_start + 8

2025-04-20 19:25:45,177 - google_traffic - INFO - 使用关键词: dior discount code
2025-04-20 19:25:55,973 - google_traffic - INFO - 用户中断，正在退出...
2025-04-20 19:25:55,973 - google_traffic - INFO - 谷歌搜索流量模拟系统已停止
