2025-04-20 19:33:31,474 - google_traffic - INFO - 谷歌搜索流量模拟系统启动
2025-04-20 19:33:35,261 - google_traffic - INFO - 使用关键词: dior promo code 2025
2025-04-20 19:34:12,622 - google_traffic - ERROR - 执行过程中出错: Message: timeout: Timed out receiving message from renderer: 10.000
  (Session info: chrome=135.0.7049.96)
Stacktrace:
0   chromedriver                        0x0000000103202e10 cxxbridge1$str$ptr + 2817040
1   chromedriver                        0x00000001031fb0ac cxxbridge1$str$ptr + 2784940
2   chromedriver                        0x0000000102d428d8 cxxbridge1$string$len + 93028
3   chromedriver                        0x0000000102d2cd9c cxxbridge1$string$len + 4136
4   chromedriver                        0x0000000102d2cb14 cxxbridge1$string$len + 3488
5   chromedriver                        0x0000000102d2a8f8 chromedriver + 190712
6   chromedriver                        0x0000000102d2b488 chromedriver + 193672
7   chromedriver                        0x0000000102d3908c cxxbridge1$string$len + 54040
8   chromedriver                        0x0000000102d4ee3c cxxbridge1$string$len + 143560
9   chromedriver                        0x0000000102d2babc chromedriver + 195260
10  chromedriver                        0x0000000102d4ebf4 cxxbridge1$string$len + 142976
11  chromedriver                        0x0000000102dca700 cxxbridge1$string$len + 649612
12  chromedriver                        0x0000000102d7da80 cxxbridge1$string$len + 335116
13  chromedriver                        0x00000001031c7c98 cxxbridge1$str$ptr + 2575000
14  chromedriver                        0x00000001031caf64 cxxbridge1$str$ptr + 2588004
15  chromedriver                        0x00000001031a7a20 cxxbridge1$str$ptr + 2443296
16  chromedriver                        0x00000001031cb7e0 cxxbridge1$str$ptr + 2590176
17  chromedriver                        0x0000000103198b14 cxxbridge1$str$ptr + 2382100
18  chromedriver                        0x00000001031eb9c4 cxxbridge1$str$ptr + 2721732
19  chromedriver                        0x00000001031ebb50 cxxbridge1$str$ptr + 2722128
20  chromedriver                        0x00000001031facf8 cxxbridge1$str$ptr + 2783992
21  libsystem_pthread.dylib             0x000000018792b2e4 _pthread_start + 136
22  libsystem_pthread.dylib             0x00000001879260fc thread_start + 8

2025-04-20 19:34:16,489 - google_traffic - INFO - 使用关键词: dior promo code 2025
2025-04-20 19:34:19,978 - google_traffic - INFO - 用户中断，正在退出...
2025-04-20 19:34:19,978 - google_traffic - INFO - 谷歌搜索流量模拟系统已停止
