2025-04-20 19:39:15,857 - google_traffic - INFO - 谷歌搜索流量模拟系统启动
2025-04-20 19:39:19,437 - google_traffic - INFO - 使用关键词: dior discount code
2025-04-20 19:40:22,787 - google_traffic - INFO - 成功点击目标网站链接
2025-04-20 19:40:22,788 - google_traffic - INFO - 完成第 1/30 次访问
2025-04-20 19:40:22,788 - google_traffic - INFO - 等待 74.17 秒后进行下一次访问
2025-04-20 20:13:07,121 - google_traffic - INFO - 使用关键词: dior promo code 2025
2025-04-20 20:30:01,798 - google_traffic - INFO - 成功点击目标网站链接
2025-04-20 20:30:01,800 - google_traffic - INFO - 完成第 2/30 次访问
2025-04-20 20:30:01,800 - google_traffic - INFO - 等待 11.95 秒后进行下一次访问
2025-04-20 20:30:17,699 - google_traffic - INFO - 使用关键词: dior discount code
2025-04-20 20:47:53,409 - google_traffic - INFO - 成功点击目标网站链接
2025-04-20 20:47:53,410 - google_traffic - INFO - 完成第 3/30 次访问
2025-04-20 20:47:53,410 - google_traffic - INFO - 重置访问计数和计时器
2025-04-20 20:47:57,200 - google_traffic - INFO - 使用关键词: dior promo code 2025
2025-04-20 21:19:22,427 - google_traffic - INFO - 成功点击目标网站链接
2025-04-20 21:19:22,428 - google_traffic - INFO - 完成第 1/30 次访问
2025-04-20 21:19:22,428 - google_traffic - INFO - 等待 10.56 秒后进行下一次访问
2025-04-20 21:19:36,698 - google_traffic - INFO - 使用关键词: dior promo code 2025
2025-04-20 21:35:57,808 - google_traffic - INFO - 成功点击目标网站链接
2025-04-20 21:35:57,808 - google_traffic - INFO - 完成第 2/30 次访问
2025-04-20 21:35:57,808 - google_traffic - INFO - 等待 15.28 秒后进行下一次访问
2025-04-20 21:41:36,083 - google_traffic - INFO - 使用关键词: dior discount code
2025-04-20 21:58:05,200 - google_traffic - INFO - 成功点击目标网站链接
2025-04-20 21:58:05,202 - google_traffic - INFO - 完成第 3/30 次访问
2025-04-20 21:58:05,202 - google_traffic - INFO - 重置访问计数和计时器
2025-04-20 21:58:08,842 - google_traffic - INFO - 使用关键词: dior discount code
